{"total": {"lines":{"total":267,"covered":263,"skipped":0,"pct":98.5},"statements":{"total":283,"covered":276,"skipped":0,"pct":97.52},"functions":{"total":58,"covered":58,"skipped":0,"pct":100},"branches":{"total":159,"covered":145,"skipped":0,"pct":91.19},"branchesTrue":{"total":0,"covered":0,"skipped":0,"pct":100}}
,"/Users/psaiz/github/cernopendata-portal/cernopendata/modules/theme/assets/semantic-ui/js/records/CitationsApp.js": {"lines":{"total":19,"covered":19,"skipped":0,"pct":100},"functions":{"total":2,"covered":2,"skipped":0,"pct":100},"statements":{"total":20,"covered":20,"skipped":0,"pct":100},"branches":{"total":12,"covered":12,"skipped":0,"pct":100}}
,"/Users/psaiz/github/cernopendata-portal/cernopendata/modules/theme/assets/semantic-ui/js/records/FilesBoxApp.js": {"lines":{"total":18,"covered":18,"skipped":0,"pct":100},"functions":{"total":3,"covered":3,"skipped":0,"pct":100},"statements":{"total":18,"covered":18,"skipped":0,"pct":100},"branches":{"total":8,"covered":8,"skipped":0,"pct":100}}
,"/Users/psaiz/github/cernopendata-portal/cernopendata/modules/theme/assets/semantic-ui/js/records/app.js": {"lines":{"total":24,"covered":24,"skipped":0,"pct":100},"functions":{"total":5,"covered":5,"skipped":0,"pct":100},"statements":{"total":27,"covered":27,"skipped":0,"pct":100},"branches":{"total":8,"covered":8,"skipped":0,"pct":100}}
,"/Users/psaiz/github/cernopendata-portal/cernopendata/modules/theme/assets/semantic-ui/js/records/config.js": {"lines":{"total":14,"covered":14,"skipped":0,"pct":100},"functions":{"total":6,"covered":6,"skipped":0,"pct":100},"statements":{"total":17,"covered":17,"skipped":0,"pct":100},"branches":{"total":7,"covered":6,"skipped":0,"pct":85.71}}
,"/Users/psaiz/github/cernopendata-portal/cernopendata/modules/theme/assets/semantic-ui/js/records/constants.js": {"lines":{"total":12,"covered":12,"skipped":0,"pct":100},"functions":{"total":2,"covered":2,"skipped":0,"pct":100},"statements":{"total":12,"covered":12,"skipped":0,"pct":100},"branches":{"total":0,"covered":0,"skipped":0,"pct":100}}
,"/Users/psaiz/github/cernopendata-portal/cernopendata/modules/theme/assets/semantic-ui/js/records/hooks.js": {"lines":{"total":103,"covered":100,"skipped":0,"pct":97.08},"functions":{"total":23,"covered":23,"skipped":0,"pct":100},"statements":{"total":111,"covered":106,"skipped":0,"pct":95.49},"branches":{"total":48,"covered":39,"skipped":0,"pct":81.25}}
,"/Users/psaiz/github/cernopendata-portal/cernopendata/modules/theme/assets/semantic-ui/js/records/utils.js": {"lines":{"total":40,"covered":40,"skipped":0,"pct":100},"functions":{"total":10,"covered":10,"skipped":0,"pct":100},"statements":{"total":40,"covered":40,"skipped":0,"pct":100},"branches":{"total":52,"covered":52,"skipped":0,"pct":100}}
,"/Users/psaiz/github/cernopendata-portal/cernopendata/modules/theme/assets/semantic-ui/js/records/components/RequestRecord.js": {"lines":{"total":37,"covered":36,"skipped":0,"pct":97.29},"functions":{"total":7,"covered":7,"skipped":0,"pct":100},"statements":{"total":38,"covered":36,"skipped":0,"pct":94.73},"branches":{"total":24,"covered":20,"skipped":0,"pct":83.33}}
}
