TN:
SF:CitationsApp.js
FN:38,(anonymous_0)
FN:40,(anonymous_1)
FNF:2
FNH:2
FNDA:10,(anonymous_0)
FNDA:10,(anonymous_1)
DA:38,1
DA:40,10
DA:41,10
DA:42,10
DA:44,9
DA:50,10
DA:51,10
DA:54,10
DA:55,3
DA:58,7
DA:59,1
DA:62,6
DA:63,2
DA:64,2
DA:67,4
DA:68,2
DA:71,2
DA:78,1
DA:80,1
LF:19
LH:19
BRDA:42,0,0,1
BRDA:42,0,1,9
BRDA:54,1,0,3
BRDA:54,1,1,7
BRDA:54,2,0,10
BRDA:54,2,1,8
BRDA:58,3,0,1
BRDA:58,3,1,6
BRDA:62,4,0,2
BRDA:62,4,1,4
BRDA:67,5,0,2
BRDA:67,5,1,2
BRF:12
BRH:12
end_of_record
TN:
SF:FilesBoxApp.js
FN:39,(anonymous_0)
FN:79,(anonymous_1)
FN:84,(anonymous_2)
FNF:3
FNH:3
FNDA:14,(anonymous_0)
FNDA:9,(anonymous_1)
FNDA:1,(anonymous_2)
DA:39,1
DA:40,14
DA:42,14
DA:43,7
DA:46,7
DA:65,1
DA:79,1
DA:80,9
DA:81,9
DA:82,9
DA:84,9
DA:85,1
DA:88,9
DA:89,1
DA:96,8
DA:97,1
DA:105,7
DA:125,1
LF:18
LH:18
BRDA:42,0,0,7
BRDA:42,0,1,7
BRDA:54,1,0,7
BRDA:54,1,1,3
BRDA:88,2,0,1
BRDA:88,2,1,8
BRDA:96,3,0,1
BRDA:96,3,1,7
BRF:8
BRH:8
end_of_record
TN:
SF:app.js
FN:41,(anonymous_0)
FN:50,(anonymous_1)
FN:64,(anonymous_2)
FN:88,(anonymous_3)
FN:106,(anonymous_4)
FNF:5
FNH:5
FNDA:9,(anonymous_0)
FNDA:9,(anonymous_1)
FNDA:9,(anonymous_2)
FNDA:9,(anonymous_3)
FNDA:7,(anonymous_4)
DA:42,9
DA:43,9
DA:44,9
DA:51,9
DA:52,9
DA:54,8
DA:55,8
DA:57,2
DA:65,9
DA:66,9
DA:68,8
DA:69,8
DA:71,8
DA:81,1
DA:89,9
DA:90,9
DA:92,8
DA:93,8
DA:95,8
DA:100,1
DA:106,10
DA:107,7
DA:111,10
DA:112,2
LF:24
LH:24
BRDA:52,0,0,1
BRDA:52,0,1,8
BRDA:66,1,0,1
BRDA:66,1,1,8
BRDA:90,2,0,1
BRDA:90,2,1,8
BRDA:111,3,0,2
BRDA:111,3,1,8
BRF:8
BRH:8
end_of_record
TN:
SF:config.js
FN:30,(anonymous_0)
FN:38,(anonymous_1)
FN:41,(anonymous_2)
FN:49,(anonymous_3)
FN:51,(anonymous_4)
FN:53,(anonymous_5)
FNF:6
FNH:6
FNDA:2,(anonymous_0)
FNDA:3,(anonymous_1)
FNDA:3,(anonymous_2)
FNDA:1,(anonymous_3)
FNDA:5,(anonymous_4)
FNDA:4,(anonymous_5)
DA:30,2
DA:31,2
DA:32,2
DA:35,2
DA:38,2
DA:39,3
DA:41,2
DA:42,3
DA:43,1
DA:44,1
DA:46,2
DA:49,2
DA:51,5
DA:53,4
LF:14
LH:14
BRDA:32,0,0,2
BRDA:32,0,1,0
BRDA:38,1,0,1
BRDA:39,2,0,1
BRDA:39,2,1,2
BRDA:42,3,0,1
BRDA:42,3,1,2
BRF:7
BRH:6
end_of_record
TN:
SF:constants.js
FN:69,(anonymous_0)
FN:76,(anonymous_1)
FNF:2
FNH:2
FNDA:1,(anonymous_0)
FNDA:2,(anonymous_1)
DA:28,17
DA:31,17
DA:39,17
DA:45,17
DA:51,17
DA:58,17
DA:61,17
DA:67,17
DA:69,1
DA:76,2
DA:85,17
DA:97,17
LF:12
LH:12
BRF:0
BRH:0
end_of_record
TN:
SF:hooks.js
FN:34,(anonymous_0)
FN:43,(anonymous_1)
FN:46,(anonymous_2)
FN:82,(anonymous_3)
FN:94,(anonymous_4)
FN:100,(anonymous_5)
FN:103,(anonymous_6)
FN:134,(anonymous_7)
FN:145,(anonymous_8)
FN:148,(anonymous_9)
FN:149,(anonymous_10)
FN:150,(anonymous_11)
FN:167,(anonymous_12)
FN:172,(anonymous_13)
FN:176,(anonymous_14)
FN:180,(anonymous_15)
FN:197,(anonymous_16)
FN:198,(anonymous_17)
FN:201,(anonymous_18)
FN:218,(anonymous_19)
FN:219,(anonymous_20)
FN:226,(anonymous_21)
FN:231,(anonymous_22)
FNF:23
FNH:23
FNDA:19,(anonymous_0)
FNDA:8,(anonymous_1)
FNDA:7,(anonymous_2)
FNDA:7,(anonymous_3)
FNDA:14,(anonymous_4)
FNDA:6,(anonymous_5)
FNDA:4,(anonymous_6)
FNDA:14,(anonymous_7)
FNDA:11,(anonymous_8)
FNDA:1,(anonymous_9)
FNDA:2,(anonymous_10)
FNDA:2,(anonymous_11)
FNDA:20,(anonymous_12)
FNDA:10,(anonymous_13)
FNDA:10,(anonymous_14)
FNDA:20,(anonymous_15)
FNDA:7,(anonymous_16)
FNDA:7,(anonymous_17)
FNDA:1,(anonymous_18)
FNDA:3,(anonymous_19)
FNDA:3,(anonymous_20)
FNDA:3,(anonymous_21)
FNDA:2,(anonymous_22)
DA:34,1
DA:36,19
DA:38,19
DA:39,19
DA:40,19
DA:41,19
DA:43,19
DA:44,8
DA:46,7
DA:47,7
DA:48,7
DA:50,7
DA:51,7
DA:52,7
DA:54,6
DA:55,1
DA:58,4
DA:60,4
DA:61,0
DA:62,4
DA:63,0
DA:65,4
DA:66,4
DA:69,3
DA:70,3
DA:72,3
DA:73,3
DA:75,7
DA:79,7
DA:82,19
DA:83,7
DA:84,7
DA:85,7
DA:88,19
DA:94,1
DA:95,14
DA:96,14
DA:97,14
DA:98,14
DA:100,14
DA:101,6
DA:103,4
DA:104,4
DA:105,4
DA:107,4
DA:108,4
DA:109,4
DA:111,3
DA:112,0
DA:115,2
DA:116,2
DA:118,2
DA:119,2
DA:124,2
DA:125,2
DA:127,4
DA:131,4
DA:134,14
DA:135,14
DA:136,14
DA:139,14
DA:145,1
DA:146,11
DA:148,11
DA:149,11
DA:150,11
DA:152,11
DA:167,1
DA:168,20
DA:169,20
DA:170,20
DA:172,20
DA:173,10
DA:176,20
DA:177,10
DA:178,10
DA:180,10
DA:181,20
DA:182,20
DA:184,20
DA:185,13
DA:186,13
DA:187,7
DA:188,1
DA:189,1
DA:193,10
DA:194,10
DA:197,20
DA:198,7
DA:201,20
DA:202,1
DA:203,1
DA:206,20
DA:218,1
DA:219,3
DA:220,3
DA:226,3
DA:227,3
DA:231,3
DA:232,2
DA:233,1
DA:235,1
DA:238,3
LF:103
LH:100
BRDA:44,0,0,1
BRDA:44,0,1,7
BRDA:54,1,0,1
BRDA:54,1,1,4
BRDA:60,2,0,0
BRDA:60,2,1,4
BRDA:62,3,0,0
BRDA:62,3,1,4
BRDA:65,4,0,4
BRDA:65,4,1,0
BRDA:66,5,0,4
BRDA:66,5,1,0
BRDA:83,6,0,0
BRDA:83,6,1,7
BRDA:84,7,0,0
BRDA:84,7,1,7
BRDA:101,8,0,2
BRDA:101,8,1,4
BRDA:101,9,0,6
BRDA:101,9,1,5
BRDA:111,10,0,0
BRDA:111,10,1,2
BRDA:119,11,0,1
BRDA:119,11,1,1
BRDA:145,12,0,6
BRDA:184,13,0,13
BRDA:184,13,1,7
BRDA:184,14,0,20
BRDA:184,14,1,20
BRDA:184,14,2,7
BRDA:185,15,0,13
BRDA:185,15,1,0
BRDA:187,16,0,1
BRDA:187,16,1,6
BRDA:187,17,0,7
BRDA:187,17,1,4
BRDA:187,17,2,4
BRDA:188,18,0,1
BRDA:188,18,1,0
BRDA:221,19,0,3
BRDA:221,19,1,2
BRDA:221,19,2,1
BRDA:227,20,0,3
BRDA:227,20,1,1
BRDA:232,21,0,1
BRDA:232,21,1,1
BRDA:232,22,0,2
BRDA:232,22,1,1
BRF:48
BRH:39
end_of_record
TN:
SF:utils.js
FN:39,toHumanReadableSize
FN:66,isFileOnDemand
FN:82,isFileOnlineOnly
FN:96,getFileAvailabilityMessage
FN:120,buildFileUri
FN:139,isValidEmail
FN:157,getElementDataset
FN:168,getElementAttribute
FN:184,paginateArray
FN:201,calculateTotalPages
FNF:10
FNH:10
FNDA:15,toHumanReadableSize
FNDA:6,isFileOnDemand
FNDA:6,isFileOnlineOnly
FNDA:4,getFileAvailabilityMessage
FNDA:4,buildFileUri
FNDA:13,isValidEmail
FNDA:2,getElementDataset
FNDA:3,getElementAttribute
FNDA:9,paginateArray
FNDA:7,calculateTotalPages
DA:40,15
DA:42,15
DA:43,5
DA:46,10
DA:47,1
DA:50,9
DA:51,9
DA:52,9
DA:54,9
DA:67,6
DA:68,3
DA:71,3
DA:83,6
DA:84,4
DA:87,2
DA:97,4
DA:98,2
DA:101,2
DA:102,1
DA:105,1
DA:121,4
DA:123,4
DA:124,1
DA:127,4
DA:140,13
DA:141,3
DA:144,10
DA:145,10
DA:158,2
DA:159,2
DA:169,3
DA:170,3
DA:185,9
DA:186,4
DA:189,5
DA:190,5
DA:192,5
DA:202,7
DA:203,4
DA:206,3
LF:40
LH:40
BRDA:39,0,0,13
BRDA:42,1,0,5
BRDA:42,1,1,10
BRDA:42,2,0,15
BRDA:42,2,1,12
BRDA:42,2,2,11
BRDA:46,3,0,1
BRDA:46,3,1,9
BRDA:67,4,0,3
BRDA:67,4,1,3
BRDA:67,5,0,6
BRDA:67,5,1,4
BRDA:72,6,0,3
BRDA:72,6,1,2
BRDA:72,6,2,1
BRDA:83,7,0,4
BRDA:83,7,1,2
BRDA:83,8,0,6
BRDA:83,8,1,4
BRDA:83,8,2,3
BRDA:87,9,0,2
BRDA:87,9,1,1
BRDA:97,10,0,2
BRDA:97,10,1,2
BRDA:97,11,0,4
BRDA:97,11,1,3
BRDA:101,12,0,1
BRDA:101,12,1,1
BRDA:101,13,0,2
BRDA:101,13,1,1
BRDA:120,14,0,1
BRDA:123,15,0,1
BRDA:123,15,1,3
BRDA:123,16,0,4
BRDA:123,16,1,2
BRDA:140,17,0,3
BRDA:140,17,1,10
BRDA:140,18,0,13
BRDA:140,18,1,10
BRDA:159,19,0,1
BRDA:159,19,1,1
BRDA:170,20,0,2
BRDA:170,20,1,1
BRDA:185,21,0,4
BRDA:185,21,1,5
BRDA:185,22,0,9
BRDA:185,22,1,8
BRDA:185,22,2,7
BRDA:202,23,0,4
BRDA:202,23,1,3
BRDA:202,24,0,7
BRDA:202,24,1,5
BRF:52
BRH:52
end_of_record
TN:
SF:components/RequestRecord.js
FN:19,(anonymous_0)
FN:45,(anonymous_1)
FN:58,(anonymous_2)
FN:94,(anonymous_3)
FN:100,(anonymous_4)
FN:119,(anonymous_5)
FN:132,(anonymous_6)
FNF:7
FNH:7
FNDA:62,(anonymous_0)
FNDA:6,(anonymous_1)
FNDA:32,(anonymous_2)
FNDA:66,(anonymous_3)
FNDA:4,(anonymous_4)
FNDA:59,(anonymous_5)
FNDA:65,(anonymous_6)
DA:19,1
DA:32,62
DA:45,6
DA:58,32
DA:77,1
DA:94,1
DA:95,66
DA:96,66
DA:97,66
DA:98,66
DA:100,66
DA:101,4
DA:103,4
DA:104,4
DA:105,4
DA:109,3
DA:111,1
DA:114,4
DA:115,4
DA:119,66
DA:120,59
DA:122,54
DA:124,2
DA:126,3
DA:128,0
DA:132,66
DA:133,65
DA:134,3
DA:143,62
DA:166,66
DA:171,1
DA:174,65
DA:177,65
DA:178,6
DA:181,59
DA:191,1
DA:199,1
LF:37
LH:36
BRDA:36,0,0,6
BRDA:36,0,1,56
BRDA:42,1,0,62
BRDA:42,1,1,0
BRDA:43,2,0,62
BRDA:43,2,1,0
BRDA:67,3,0,62
BRDA:67,3,1,13
BRDA:101,4,0,0
BRDA:101,4,1,4
BRDA:107,5,0,1
BRDA:107,5,1,3
BRDA:120,6,0,54
BRDA:120,6,1,2
BRDA:120,6,2,3
BRDA:120,6,3,0
BRDA:133,7,0,3
BRDA:133,7,1,62
BRDA:146,8,0,6
BRDA:146,8,1,56
BRDA:166,9,0,1
BRDA:166,9,1,65
BRDA:177,10,0,6
BRDA:177,10,1,59
BRF:24
BRH:20
end_of_record
